#
# A fatal error has been detected by the Java Runtime Environment:
#
#  SIGSEGV (0xb) at pc=0x0000000102039430, pid=6498, tid=15875
#
# JRE version: Java(TM) SE Runtime Environment (11.0.2+9) (build 11.0.2+9-LTS)
# Java VM: Java HotSpot(TM) 64-Bit Server VM (11.0.2+9-LTS, mixed mode, tiered, compressed oops, g1 gc, bsd-amd64)
# Problematic frame:
# C  [libjimage.dylib+0x2430]  _ZNK15ImageFileReader19find_location_indexEPKcPy+0x2c
#
# No core dump will be written. Core dumps have been disabled. To enable core dumping, try "ulimit -c unlimited" before starting Java again
#
# If you would like to submit a bug report, please visit:
#   http://bugreport.java.com/bugreport/crash.jsp
#

---------------  S U M M A R Y ------------

Command Line: -agentlib:jdwp=transport=dt_socket,suspend=y,address=localhost:51314 -javaagent:/Applications/Eclipse.app/Contents/Eclipse/configuration/org.eclipse.osgi/398/0/.cp/lib/javaagent-shaded.jar -Dfile.encoding=UTF-8 com.sakhri.userService.UserServiceApplication

Host: MacBookPro14,1 x86_64 2300 MHz, 4 cores, 8G, Darwin 19.4.0
Time: Tue Apr 14 14:10:11 2020 CEST elapsed time: 10189 seconds (0d 2h 49m 49s)

---------------  T H R E A D  ---------------

Current thread (0x00007ff6d0050000):  JavaThread "Signal Dispatcher" daemon [_thread_in_vm, id=15875, stack(0x00007000032db000,0x00007000033db000)]

Stack: [0x00007000032db000,0x00007000033db000],  sp=0x00007000033d9380,  free space=1016k
Native frames: (J=compiled Java code, A=aot compiled Java code, j=interpreted, Vv=VM code, C=native code)
C  [libjimage.dylib+0x2430]  _ZNK15ImageFileReader19find_location_indexEPKcPy+0x2c
C  [libjimage.dylib+0x2784]  JIMAGE_FindResource+0xcf
